TN:
SF:/Users/swethaguruju/Downloads/DutchAuction-main/v3.0/contracts/MyNFT.sol
FN:16,constructor
FN:20,safeMint
FNF:2
FNH:2
FNDA:3,constructor
FNDA:2,safeMint
DA:17,3
DA:21,2
DA:23,2
DA:24,2
DA:26,2
DA:27,2
LF:6
LH:6
BRDA:20,1,0,2
BRDA:20,1,1,1
BRDA:21,2,0,2
BRDA:21,2,1,0
BRF:4
BRH:3
end_of_record
TN:
SF:/Users/swethaguruju/Downloads/DutchAuction-main/v3.0/contracts/MyToken.sol
FN:12,constructor
FN:16,currentPrice
FN:20,invoice
FN:24,refund
FN:28,mint
FN:33,buy
FNF:6
FNH:5
FNDA:3,constructor
FNDA:2,currentPrice
FNDA:1,invoice
FNDA:0,refund
FNDA:1,mint
FNDA:1,buy
DA:13,3
DA:17,2
DA:21,1
DA:25,0
DA:29,1
DA:30,1
DA:35,1
DA:38,1
DA:39,0
DA:40,0
DA:43,1
LF:11
LH:8
BRDA:29,1,0,1
BRDA:29,1,1,0
BRDA:38,2,0,0
BRDA:38,2,1,1
BRF:4
BRH:2
end_of_record
TN:
SF:/Users/swethaguruju/Downloads/DutchAuction-main/v3.0/contracts/NFTDutchAuction_ERC20Bids.sol
FN:30,constructor
FN:47,currentBlock
FN:51,blockDifference
FN:57,isAuctionOpen
FN:62,finalize
FN:67,currentPrice
FN:72,bid
FNF:7
FNH:7
FNDA:3,constructor
FNDA:20,currentBlock
FNDA:20,blockDifference
FNDA:12,isAuctionOpen
FNDA:3,finalize
FNDA:8,currentPrice
FNDA:10,bid
DA:32,3
DA:33,3
DA:34,3
DA:36,3
DA:37,3
DA:38,3
DA:39,3
DA:40,3
DA:41,3
DA:44,3
DA:48,20
DA:52,20
DA:58,12
DA:59,12
DA:63,3
DA:64,3
DA:65,3
DA:68,8
DA:69,8
DA:73,10
DA:74,7
DA:75,7
DA:76,7
DA:77,5
DA:79,3
DA:80,3
DA:82,3
LF:27
LH:27
BRDA:69,1,0,0
BRDA:69,1,1,8
BRDA:73,2,0,7
BRDA:73,2,1,3
BRDA:74,3,0,7
BRDA:74,3,1,0
BRDA:75,4,0,7
BRDA:75,4,1,0
BRDA:76,5,0,5
BRDA:76,5,1,2
BRDA:77,6,0,3
BRDA:77,6,1,2
BRDA:80,7,0,3
BRDA:80,7,1,0
BRF:14
BRH:10
end_of_record
