TN:
SF:/Users/swethaguruju/Desktop/dutchauction/Dutch-Auction/v1.0/contracts/Auction.sol
FN:19,constructor
FN:37,bid
FN:52,endAuction
FN:64,refund
FN:79,withdrawRefund
FNF:5
FNH:5
FNDA:21,constructor
FNDA:11,bid
FNDA:4,endAuction
FNDA:2,refund
FNDA:1,withdrawRefund
DA:24,21
DA:25,21
DA:26,21
DA:27,21
DA:29,21
DA:30,21
DA:32,21
DA:33,21
DA:34,21
DA:38,11
DA:39,11
DA:40,10
DA:41,10
DA:43,9
DA:45,4
DA:48,9
DA:49,9
DA:53,4
DA:54,4
DA:56,3
DA:58,3
DA:60,3
DA:65,2
DA:66,2
DA:69,1
DA:70,1
DA:73,1
DA:76,1
DA:80,1
DA:81,1
DA:84,1
DA:85,1
DA:88,1
DA:91,1
DA:94,1
LF:35
LH:35
BRDA:30,1,0,21
BRDA:30,1,1,0
BRDA:38,2,0,11
BRDA:38,2,1,0
BRDA:39,3,0,10
BRDA:39,3,1,1
BRDA:40,4,0,10
BRDA:40,4,1,0
BRDA:41,5,0,9
BRDA:41,5,1,1
BRDA:43,6,0,4
BRDA:43,6,1,5
BRDA:53,7,0,4
BRDA:53,7,1,0
BRDA:54,8,0,3
BRDA:54,8,1,1
BRDA:58,9,0,3
BRDA:58,9,1,0
BRDA:65,10,0,2
BRDA:65,10,1,0
BRDA:66,11,0,1
BRDA:66,11,1,1
BRDA:70,12,0,1
BRDA:70,12,1,0
BRDA:80,13,0,1
BRDA:80,13,1,0
BRDA:81,14,0,1
BRDA:81,14,1,0
BRDA:85,15,0,1
BRDA:85,15,1,0
BRF:30
BRH:20
end_of_record
TN:
SF:/Users/swethaguruju/Desktop/dutchauction/Dutch-Auction/v1.0/contracts/Lock.sol
FN:13,constructor
FN:23,withdraw
FNF:2
FNH:2
FNDA:4,constructor
FNDA:5,withdraw
DA:14,4
DA:19,3
DA:20,3
DA:27,5
DA:28,4
DA:30,3
DA:32,3
LF:7
LH:7
BRDA:14,1,0,3
BRDA:14,1,1,1
BRDA:27,2,0,4
BRDA:27,2,1,1
BRDA:28,3,0,3
BRDA:28,3,1,1
BRF:6
BRH:6
end_of_record
