TN:
SF:/Users/swethaguruju/Downloads/v5.0/contracts/MyNFT.sol
FN:18,constructor
FN:23,safeMint
FNF:2
FNH:2
FNDA:3,constructor
FNDA:2,safeMint
DA:19,3
DA:25,2
DA:28,2
DA:31,2
DA:32,2
LF:5
LH:5
BRDA:23,1,0,2
BRDA:23,1,1,1
BRDA:25,2,0,2
BRDA:25,2,1,0
BRF:4
BRH:3
end_of_record
TN:
SF:/Users/swethaguruju/Downloads/v5.0/contracts/MyToken.sol
FN:14,constructor
FN:19,currentPrice
FN:27,invoice
FN:32,refund
FN:41,mint
FN:52,buy
FNF:6
FNH:5
FNDA:3,constructor
FNDA:2,currentPrice
FNDA:1,invoice
FNDA:0,refund
FNDA:1,mint
FNDA:1,buy
DA:15,3
DA:20,2
DA:28,1
DA:33,0
DA:44,1
DA:47,1
DA:55,1
DA:56,1
DA:59,1
DA:60,0
DA:64,1
LF:11
LH:9
BRDA:44,1,0,1
BRDA:44,1,1,0
BRDA:56,2,0,1
BRDA:56,2,1,0
BRDA:59,3,0,0
BRDA:59,3,1,1
BRF:6
BRH:3
end_of_record
TN:
SF:/Users/swethaguruju/Downloads/v5.0/contracts/NFTDutchAuction_ERC20BidsUpgradeable.sol
FN:53,initialize
FN:80,_authorizeUpgrade
FN:83,currentBlock
FN:88,blockDifference
FN:93,currentPrice
FN:98,isAuctionOpen
FN:106,finalize
FN:121,bid
FNF:8
FNH:7
FNDA:3,initialize
FNDA:0,_authorizeUpgrade
FNDA:9,currentBlock
FNDA:9,blockDifference
FNDA:5,currentPrice
FNDA:4,isAuctionOpen
FNDA:2,finalize
FNDA:4,bid
DA:55,3
DA:56,3
DA:57,3
DA:60,3
DA:61,3
DA:62,3
DA:65,3
DA:68,3
DA:69,3
DA:70,3
DA:73,3
DA:84,9
DA:89,9
DA:94,5
DA:99,4
DA:107,2
DA:108,2
DA:109,2
DA:124,4
DA:127,4
DA:130,4
DA:133,4
DA:136,3
DA:139,2
DA:140,2
DA:143,2
LF:26
LH:26
BRDA:53,1,0,3
BRDA:53,1,1,0
BRDA:65,2,0,3
BRDA:65,2,1,0
BRDA:80,3,0,0
BRDA:80,3,1,0
BRDA:124,4,0,4
BRDA:124,4,1,0
BRDA:127,5,0,4
BRDA:127,5,1,0
BRDA:130,6,0,4
BRDA:130,6,1,0
BRDA:133,7,0,3
BRDA:133,7,1,1
BRDA:136,8,0,2
BRDA:136,8,1,1
BRDA:140,9,0,2
BRDA:140,9,1,0
BRF:18
BRH:10
end_of_record
