{"contracts/MyNFT.sol":{"l":{"19":3,"25":2,"28":2,"31":2,"32":2},"path":"/Users/swethaguruju/Downloads/v5.0/contracts/MyNFT.sol","s":{"1":2,"2":2,"3":2},"b":{"1":[2,1],"2":[2,0]},"f":{"1":3,"2":2},"fnMap":{"1":{"name":"constructor","line":18,"loc":{"start":{"line":18,"column":4},"end":{"line":20,"column":4}}},"2":{"name":"safeMint","line":23,"loc":{"start":{"line":23,"column":4},"end":{"line":33,"column":4}}}},"statementMap":{"1":{"start":{"line":25,"column":8},"end":{"line":25,"column":62}},"2":{"start":{"line":28,"column":8},"end":{"line":28,"column":28}},"3":{"start":{"line":31,"column":8},"end":{"line":31,"column":36}}},"branchMap":{"1":{"line":23,"type":"if","locations":[{"start":{"line":23,"column":41},"end":{"line":23,"column":41}},{"start":{"line":23,"column":41},"end":{"line":23,"column":41}}]},"2":{"line":25,"type":"if","locations":[{"start":{"line":25,"column":8},"end":{"line":25,"column":8}},{"start":{"line":25,"column":8},"end":{"line":25,"column":8}}]}}},"contracts/MyToken.sol":{"l":{"15":3,"20":2,"28":1,"33":0,"44":1,"47":1,"55":1,"56":1,"59":1,"60":0,"64":1},"path":"/Users/swethaguruju/Downloads/v5.0/contracts/MyToken.sol","s":{"1":2,"2":1,"3":0,"4":1,"5":1,"6":1,"7":1,"8":1,"9":0,"10":1},"b":{"1":[1,0],"2":[1,0],"3":[0,1]},"f":{"1":3,"2":2,"3":1,"4":0,"5":1,"6":1},"fnMap":{"1":{"name":"constructor","line":14,"loc":{"start":{"line":14,"column":4},"end":{"line":16,"column":4}}},"2":{"name":"currentPrice","line":19,"loc":{"start":{"line":19,"column":4},"end":{"line":21,"column":4}}},"3":{"name":"invoice","line":27,"loc":{"start":{"line":27,"column":4},"end":{"line":29,"column":4}}},"4":{"name":"refund","line":32,"loc":{"start":{"line":32,"column":4},"end":{"line":34,"column":4}}},"5":{"name":"mint","line":41,"loc":{"start":{"line":41,"column":4},"end":{"line":48,"column":4}}},"6":{"name":"buy","line":52,"loc":{"start":{"line":52,"column":4},"end":{"line":65,"column":4}}}},"statementMap":{"1":{"start":{"line":20,"column":8},"end":{"line":20,"column":18}},"2":{"start":{"line":28,"column":8},"end":{"line":28,"column":42}},"3":{"start":{"line":33,"column":8},"end":{"line":33,"column":43}},"4":{"start":{"line":44,"column":8},"end":{"line":44,"column":68}},"5":{"start":{"line":47,"column":8},"end":{"line":47,"column":33}},"6":{"start":{"line":55,"column":8},"end":{"line":55,"column":52}},"7":{"start":{"line":56,"column":8},"end":{"line":56,"column":62}},"8":{"start":{"line":59,"column":8},"end":{"line":59,"column":1786}},"9":{"start":{"line":60,"column":12},"end":{"line":60,"column":41}},"10":{"start":{"line":64,"column":8},"end":{"line":64,"column":27}}},"branchMap":{"1":{"line":44,"type":"if","locations":[{"start":{"line":44,"column":8},"end":{"line":44,"column":8}},{"start":{"line":44,"column":8},"end":{"line":44,"column":8}}]},"2":{"line":56,"type":"if","locations":[{"start":{"line":56,"column":8},"end":{"line":56,"column":8}},{"start":{"line":56,"column":8},"end":{"line":56,"column":8}}]},"3":{"line":59,"type":"if","locations":[{"start":{"line":59,"column":8},"end":{"line":59,"column":8}},{"start":{"line":59,"column":8},"end":{"line":59,"column":8}}]}}},"contracts/NFTDutchAuction_ERC20BidsUpgradeable.sol":{"l":{"55":3,"56":3,"57":3,"60":3,"61":3,"62":3,"65":3,"68":3,"69":3,"70":3,"73":3,"84":9,"89":9,"94":5,"99":4,"107":2,"108":2,"109":2,"124":4,"127":4,"130":4,"133":4,"136":3,"139":2,"140":2,"143":2},"path":"/Users/swethaguruju/Downloads/v5.0/contracts/NFTDutchAuction_ERC20BidsUpgradeable.sol","s":{"1":3,"2":9,"3":9,"4":5,"5":4,"6":2,"7":4,"8":4,"9":4,"10":4,"11":3,"12":2,"13":2,"14":2},"b":{"1":[3,0],"2":[3,0],"3":[0,0],"4":[4,0],"5":[4,0],"6":[4,0],"7":[3,1],"8":[2,1],"9":[2,0]},"f":{"1":3,"2":0,"3":9,"4":9,"5":5,"6":4,"7":2,"8":4},"fnMap":{"1":{"name":"initialize","line":53,"loc":{"start":{"line":51,"column":4},"end":{"line":75,"column":4}}},"2":{"name":"_authorizeUpgrade","line":80,"loc":{"start":{"line":80,"column":4},"end":{"line":80,"column":69}}},"3":{"name":"currentBlock","line":83,"loc":{"start":{"line":83,"column":4},"end":{"line":85,"column":4}}},"4":{"name":"blockDifference","line":88,"loc":{"start":{"line":88,"column":4},"end":{"line":90,"column":4}}},"5":{"name":"currentPrice","line":93,"loc":{"start":{"line":93,"column":4},"end":{"line":95,"column":4}}},"6":{"name":"isAuctionOpen","line":98,"loc":{"start":{"line":98,"column":4},"end":{"line":100,"column":4}}},"7":{"name":"finalize","line":106,"loc":{"start":{"line":106,"column":4},"end":{"line":110,"column":4}}},"8":{"name":"bid","line":121,"loc":{"start":{"line":121,"column":4},"end":{"line":145,"column":4}}}},"statementMap":{"1":{"start":{"line":65,"column":8},"end":{"line":65,"column":84}},"2":{"start":{"line":84,"column":8},"end":{"line":84,"column":27}},"3":{"start":{"line":89,"column":8},"end":{"line":89,"column":41}},"4":{"start":{"line":94,"column":8},"end":{"line":94,"column":71}},"5":{"start":{"line":99,"column":8},"end":{"line":99,"column":56}},"6":{"start":{"line":107,"column":8},"end":{"line":107,"column":52}},"7":{"start":{"line":124,"column":8},"end":{"line":124,"column":52}},"8":{"start":{"line":127,"column":8},"end":{"line":127,"column":70}},"9":{"start":{"line":130,"column":8},"end":{"line":130,"column":59}},"10":{"start":{"line":133,"column":8},"end":{"line":133,"column":55}},"11":{"start":{"line":136,"column":8},"end":{"line":136,"column":62}},"12":{"start":{"line":139,"column":8},"end":{"line":139,"column":86}},"13":{"start":{"line":140,"column":8},"end":{"line":140,"column":51}},"14":{"start":{"line":143,"column":8},"end":{"line":143,"column":27}}},"branchMap":{"1":{"line":53,"type":"if","locations":[{"start":{"line":53,"column":76},"end":{"line":53,"column":76}},{"start":{"line":53,"column":76},"end":{"line":53,"column":76}}]},"2":{"line":65,"type":"if","locations":[{"start":{"line":65,"column":8},"end":{"line":65,"column":8}},{"start":{"line":65,"column":8},"end":{"line":65,"column":8}}]},"3":{"line":80,"type":"if","locations":[{"start":{"line":80,"column":58},"end":{"line":80,"column":58}},{"start":{"line":80,"column":58},"end":{"line":80,"column":58}}]},"4":{"line":124,"type":"if","locations":[{"start":{"line":124,"column":8},"end":{"line":124,"column":8}},{"start":{"line":124,"column":8},"end":{"line":124,"column":8}}]},"5":{"line":127,"type":"if","locations":[{"start":{"line":127,"column":8},"end":{"line":127,"column":8}},{"start":{"line":127,"column":8},"end":{"line":127,"column":8}}]},"6":{"line":130,"type":"if","locations":[{"start":{"line":130,"column":8},"end":{"line":130,"column":8}},{"start":{"line":130,"column":8},"end":{"line":130,"column":8}}]},"7":{"line":133,"type":"if","locations":[{"start":{"line":133,"column":8},"end":{"line":133,"column":8}},{"start":{"line":133,"column":8},"end":{"line":133,"column":8}}]},"8":{"line":136,"type":"if","locations":[{"start":{"line":136,"column":8},"end":{"line":136,"column":8}},{"start":{"line":136,"column":8},"end":{"line":136,"column":8}}]},"9":{"line":140,"type":"if","locations":[{"start":{"line":140,"column":8},"end":{"line":140,"column":8}},{"start":{"line":140,"column":8},"end":{"line":140,"column":8}}]}}}}