{"contracts/MyNFT.sol":{"l":{"17":3,"21":2,"23":2,"24":2,"26":2,"27":2},"path":"/Users/swethaguruju/Downloads/DutchAuction-main/v3.0/contracts/MyNFT.sol","s":{"1":2,"2":2,"3":2,"4":2},"b":{"1":[2,1],"2":[2,0]},"f":{"1":3,"2":2},"fnMap":{"1":{"name":"constructor","line":16,"loc":{"start":{"line":16,"column":4},"end":{"line":18,"column":4}}},"2":{"name":"safeMint","line":20,"loc":{"start":{"line":20,"column":4},"end":{"line":28,"column":4}}}},"statementMap":{"1":{"start":{"line":21,"column":8},"end":{"line":21,"column":63}},"2":{"start":{"line":23,"column":8},"end":{"line":23,"column":28}},"3":{"start":{"line":24,"column":8},"end":{"line":24,"column":47}},"4":{"start":{"line":26,"column":8},"end":{"line":26,"column":27}}},"branchMap":{"1":{"line":20,"type":"if","locations":[{"start":{"line":20,"column":41},"end":{"line":20,"column":41}},{"start":{"line":20,"column":41},"end":{"line":20,"column":41}}]},"2":{"line":21,"type":"if","locations":[{"start":{"line":21,"column":8},"end":{"line":21,"column":8}},{"start":{"line":21,"column":8},"end":{"line":21,"column":8}}]}}},"contracts/MyToken.sol":{"l":{"13":3,"17":2,"21":1,"25":0,"29":1,"30":1,"35":1,"38":1,"39":0,"40":0,"43":1},"path":"/Users/swethaguruju/Downloads/DutchAuction-main/v3.0/contracts/MyToken.sol","s":{"1":2,"2":1,"3":0,"4":1,"5":1,"6":1,"7":1,"8":0,"9":0,"10":1},"b":{"1":[1,0],"2":[0,1]},"f":{"1":3,"2":2,"3":1,"4":0,"5":1,"6":1},"fnMap":{"1":{"name":"constructor","line":12,"loc":{"start":{"line":12,"column":4},"end":{"line":14,"column":4}}},"2":{"name":"currentPrice","line":16,"loc":{"start":{"line":16,"column":4},"end":{"line":18,"column":4}}},"3":{"name":"invoice","line":20,"loc":{"start":{"line":20,"column":4},"end":{"line":22,"column":4}}},"4":{"name":"refund","line":24,"loc":{"start":{"line":24,"column":4},"end":{"line":26,"column":4}}},"5":{"name":"mint","line":28,"loc":{"start":{"line":28,"column":3},"end":{"line":31,"column":4}}},"6":{"name":"buy","line":33,"loc":{"start":{"line":33,"column":4},"end":{"line":44,"column":0}}}},"statementMap":{"1":{"start":{"line":17,"column":8},"end":{"line":17,"column":18}},"2":{"start":{"line":21,"column":8},"end":{"line":21,"column":42}},"3":{"start":{"line":25,"column":8},"end":{"line":25,"column":43}},"4":{"start":{"line":29,"column":8},"end":{"line":29,"column":68}},"5":{"start":{"line":30,"column":8},"end":{"line":30,"column":32}},"6":{"start":{"line":35,"column":4},"end":{"line":35,"column":48}},"7":{"start":{"line":38,"column":4},"end":{"line":38,"column":1035}},"8":{"start":{"line":39,"column":5},"end":{"line":39,"column":50}},"9":{"start":{"line":40,"column":7},"end":{"line":40,"column":26}},"10":{"start":{"line":43,"column":4},"end":{"line":43,"column":23}}},"branchMap":{"1":{"line":29,"type":"if","locations":[{"start":{"line":29,"column":8},"end":{"line":29,"column":8}},{"start":{"line":29,"column":8},"end":{"line":29,"column":8}}]},"2":{"line":38,"type":"if","locations":[{"start":{"line":38,"column":4},"end":{"line":38,"column":4}},{"start":{"line":38,"column":4},"end":{"line":38,"column":4}}]}}},"contracts/NFTDutchAuction_ERC20Bids.sol":{"l":{"32":3,"33":3,"34":3,"36":3,"37":3,"38":3,"39":3,"40":3,"41":3,"44":3,"48":20,"52":20,"58":12,"59":12,"63":3,"64":3,"65":3,"68":8,"69":8,"73":10,"74":7,"75":7,"76":7,"77":5,"79":3,"80":3,"82":3},"path":"/Users/swethaguruju/Downloads/DutchAuction-main/v3.0/contracts/NFTDutchAuction_ERC20Bids.sol","s":{"1":20,"2":20,"3":12,"4":12,"5":3,"6":8,"7":8,"8":10,"9":7,"10":7,"11":7,"12":5,"13":3,"14":3,"15":3},"b":{"1":[0,8],"2":[7,3],"3":[7,0],"4":[7,0],"5":[5,2],"6":[3,2],"7":[3,0]},"f":{"1":3,"2":20,"3":20,"4":12,"5":3,"6":8,"7":10},"fnMap":{"1":{"name":"constructor","line":30,"loc":{"start":{"line":30,"column":0},"end":{"line":45,"column":4}}},"2":{"name":"currentBlock","line":47,"loc":{"start":{"line":47,"column":4},"end":{"line":49,"column":4}}},"3":{"name":"blockDifference","line":51,"loc":{"start":{"line":51,"column":4},"end":{"line":53,"column":4}}},"4":{"name":"isAuctionOpen","line":57,"loc":{"start":{"line":57,"column":3},"end":{"line":60,"column":4}}},"5":{"name":"finalize","line":62,"loc":{"start":{"line":62,"column":4},"end":{"line":66,"column":4}}},"6":{"name":"currentPrice","line":67,"loc":{"start":{"line":67,"column":6},"end":{"line":70,"column":0}}},"7":{"name":"bid","line":72,"loc":{"start":{"line":72,"column":4},"end":{"line":83,"column":4}}}},"statementMap":{"1":{"start":{"line":48,"column":8},"end":{"line":48,"column":27}},"2":{"start":{"line":52,"column":8},"end":{"line":52,"column":45}},"3":{"start":{"line":58,"column":4},"end":{"line":58,"column":41}},"4":{"start":{"line":59,"column":4},"end":{"line":59,"column":77}},"5":{"start":{"line":63,"column":8},"end":{"line":63,"column":67}},"6":{"start":{"line":68,"column":4},"end":{"line":68,"column":41}},"7":{"start":{"line":69,"column":4},"end":{"line":69,"column":110}},"8":{"start":{"line":73,"column":8},"end":{"line":73,"column":52}},"9":{"start":{"line":74,"column":6},"end":{"line":74,"column":68}},"10":{"start":{"line":75,"column":6},"end":{"line":75,"column":57}},"11":{"start":{"line":76,"column":7},"end":{"line":76,"column":68}},"12":{"start":{"line":77,"column":6},"end":{"line":77,"column":61}},"13":{"start":{"line":79,"column":8},"end":{"line":79,"column":102}},"14":{"start":{"line":80,"column":8},"end":{"line":80,"column":56}},"15":{"start":{"line":82,"column":8},"end":{"line":82,"column":27}}},"branchMap":{"1":{"line":69,"type":"if","locations":[{"start":{"line":69,"column":47},"end":{"line":69,"column":58}},{"start":{"line":69,"column":62},"end":{"line":69,"column":109}}]},"2":{"line":73,"type":"if","locations":[{"start":{"line":73,"column":8},"end":{"line":73,"column":8}},{"start":{"line":73,"column":8},"end":{"line":73,"column":8}}]},"3":{"line":74,"type":"if","locations":[{"start":{"line":74,"column":6},"end":{"line":74,"column":6}},{"start":{"line":74,"column":6},"end":{"line":74,"column":6}}]},"4":{"line":75,"type":"if","locations":[{"start":{"line":75,"column":6},"end":{"line":75,"column":6}},{"start":{"line":75,"column":6},"end":{"line":75,"column":6}}]},"5":{"line":76,"type":"if","locations":[{"start":{"line":76,"column":7},"end":{"line":76,"column":7}},{"start":{"line":76,"column":7},"end":{"line":76,"column":7}}]},"6":{"line":77,"type":"if","locations":[{"start":{"line":77,"column":6},"end":{"line":77,"column":6}},{"start":{"line":77,"column":6},"end":{"line":77,"column":6}}]},"7":{"line":80,"type":"if","locations":[{"start":{"line":80,"column":8},"end":{"line":80,"column":8}},{"start":{"line":80,"column":8},"end":{"line":80,"column":8}}]}}}}