{"contracts/Auction.sol":{"l":{"24":21,"25":21,"26":21,"27":21,"29":21,"30":21,"32":21,"33":21,"34":21,"38":11,"39":11,"40":10,"41":10,"43":9,"45":4,"48":9,"49":9,"53":4,"54":4,"56":3,"58":3,"60":3,"65":2,"66":2,"69":1,"70":1,"73":1,"76":1,"80":1,"81":1,"84":1,"85":1,"88":1,"91":1,"94":1},"path":"/Users/swethaguruju/Desktop/dutchauction/Dutch-Auction/v1.0/contracts/Auction.sol","s":{"1":21,"2":21,"3":21,"4":21,"5":21,"6":21,"7":21,"8":21,"9":21,"10":11,"11":11,"12":10,"13":10,"14":9,"15":4,"16":9,"17":9,"18":4,"19":4,"20":3,"21":3,"22":3,"23":2,"24":2,"25":1,"26":1,"27":1,"28":1,"29":1,"30":1,"31":1,"32":1,"33":1,"34":1,"35":1},"b":{"1":[21,0],"2":[11,0],"3":[10,1],"4":[10,0],"5":[9,1],"6":[4,5],"7":[4,0],"8":[3,1],"9":[3,0],"10":[2,0],"11":[1,1],"12":[1,0],"13":[1,0],"14":[1,0],"15":[1,0]},"f":{"1":21,"2":11,"3":4,"4":2,"5":1},"fnMap":{"1":{"name":"constructor","line":19,"loc":{"start":{"line":19,"column":4},"end":{"line":35,"column":4}}},"2":{"name":"bid","line":37,"loc":{"start":{"line":37,"column":4},"end":{"line":50,"column":4}}},"3":{"name":"endAuction","line":52,"loc":{"start":{"line":52,"column":4},"end":{"line":62,"column":4}}},"4":{"name":"refund","line":64,"loc":{"start":{"line":64,"column":4},"end":{"line":77,"column":4}}},"5":{"name":"withdrawRefund","line":79,"loc":{"start":{"line":79,"column":4},"end":{"line":95,"column":4}}}},"statementMap":{"1":{"start":{"line":24,"column":8},"end":{"line":24,"column":35}},"2":{"start":{"line":25,"column":8},"end":{"line":25,"column":35}},"3":{"start":{"line":26,"column":8},"end":{"line":26,"column":51}},"4":{"start":{"line":27,"column":8},"end":{"line":27,"column":49}},"5":{"start":{"line":29,"column":8},"end":{"line":29,"column":79}},"6":{"start":{"line":30,"column":8},"end":{"line":30,"column":84}},"7":{"start":{"line":32,"column":8},"end":{"line":32,"column":58}},"8":{"start":{"line":33,"column":8},"end":{"line":33,"column":77}},"9":{"start":{"line":34,"column":8},"end":{"line":34,"column":27}},"10":{"start":{"line":38,"column":8},"end":{"line":38,"column":59}},"11":{"start":{"line":39,"column":8},"end":{"line":39,"column":78}},"12":{"start":{"line":40,"column":8},"end":{"line":40,"column":72}},"13":{"start":{"line":41,"column":8},"end":{"line":41,"column":83}},"14":{"start":{"line":43,"column":8},"end":{"line":43,"column":1600}},"15":{"start":{"line":45,"column":12},"end":{"line":45,"column":54}},"16":{"start":{"line":48,"column":8},"end":{"line":48,"column":33}},"17":{"start":{"line":49,"column":8},"end":{"line":49,"column":29}},"18":{"start":{"line":53,"column":8},"end":{"line":53,"column":59}},"19":{"start":{"line":54,"column":8},"end":{"line":54,"column":75}},"20":{"start":{"line":56,"column":8},"end":{"line":56,"column":26}},"21":{"start":{"line":58,"column":8},"end":{"line":58,"column":2042}},"22":{"start":{"line":60,"column":12},"end":{"line":60,"column":38}},"23":{"start":{"line":65,"column":8},"end":{"line":65,"column":54}},"24":{"start":{"line":66,"column":8},"end":{"line":66,"column":87}},"25":{"start":{"line":69,"column":8},"end":{"line":69,"column":48}},"26":{"start":{"line":70,"column":8},"end":{"line":70,"column":49}},"27":{"start":{"line":73,"column":8},"end":{"line":73,"column":37}},"28":{"start":{"line":76,"column":8},"end":{"line":76,"column":39}},"29":{"start":{"line":80,"column":8},"end":{"line":80,"column":54}},"30":{"start":{"line":81,"column":8},"end":{"line":81,"column":85}},"31":{"start":{"line":84,"column":8},"end":{"line":84,"column":54}},"32":{"start":{"line":85,"column":8},"end":{"line":85,"column":57}},"33":{"start":{"line":88,"column":8},"end":{"line":88,"column":37}},"34":{"start":{"line":91,"column":8},"end":{"line":91,"column":49}},"35":{"start":{"line":94,"column":8},"end":{"line":94,"column":55}}},"branchMap":{"1":{"line":30,"type":"if","locations":[{"start":{"line":30,"column":8},"end":{"line":30,"column":8}},{"start":{"line":30,"column":8},"end":{"line":30,"column":8}}]},"2":{"line":38,"type":"if","locations":[{"start":{"line":38,"column":8},"end":{"line":38,"column":8}},{"start":{"line":38,"column":8},"end":{"line":38,"column":8}}]},"3":{"line":39,"type":"if","locations":[{"start":{"line":39,"column":8},"end":{"line":39,"column":8}},{"start":{"line":39,"column":8},"end":{"line":39,"column":8}}]},"4":{"line":40,"type":"if","locations":[{"start":{"line":40,"column":8},"end":{"line":40,"column":8}},{"start":{"line":40,"column":8},"end":{"line":40,"column":8}}]},"5":{"line":41,"type":"if","locations":[{"start":{"line":41,"column":8},"end":{"line":41,"column":8}},{"start":{"line":41,"column":8},"end":{"line":41,"column":8}}]},"6":{"line":43,"type":"if","locations":[{"start":{"line":43,"column":8},"end":{"line":43,"column":8}},{"start":{"line":43,"column":8},"end":{"line":43,"column":8}}]},"7":{"line":53,"type":"if","locations":[{"start":{"line":53,"column":8},"end":{"line":53,"column":8}},{"start":{"line":53,"column":8},"end":{"line":53,"column":8}}]},"8":{"line":54,"type":"if","locations":[{"start":{"line":54,"column":8},"end":{"line":54,"column":8}},{"start":{"line":54,"column":8},"end":{"line":54,"column":8}}]},"9":{"line":58,"type":"if","locations":[{"start":{"line":58,"column":8},"end":{"line":58,"column":8}},{"start":{"line":58,"column":8},"end":{"line":58,"column":8}}]},"10":{"line":65,"type":"if","locations":[{"start":{"line":65,"column":8},"end":{"line":65,"column":8}},{"start":{"line":65,"column":8},"end":{"line":65,"column":8}}]},"11":{"line":66,"type":"if","locations":[{"start":{"line":66,"column":8},"end":{"line":66,"column":8}},{"start":{"line":66,"column":8},"end":{"line":66,"column":8}}]},"12":{"line":70,"type":"if","locations":[{"start":{"line":70,"column":8},"end":{"line":70,"column":8}},{"start":{"line":70,"column":8},"end":{"line":70,"column":8}}]},"13":{"line":80,"type":"if","locations":[{"start":{"line":80,"column":8},"end":{"line":80,"column":8}},{"start":{"line":80,"column":8},"end":{"line":80,"column":8}}]},"14":{"line":81,"type":"if","locations":[{"start":{"line":81,"column":8},"end":{"line":81,"column":8}},{"start":{"line":81,"column":8},"end":{"line":81,"column":8}}]},"15":{"line":85,"type":"if","locations":[{"start":{"line":85,"column":8},"end":{"line":85,"column":8}},{"start":{"line":85,"column":8},"end":{"line":85,"column":8}}]}}},"contracts/Lock.sol":{"l":{"14":4,"19":3,"20":3,"27":5,"28":4,"30":3,"32":3},"path":"/Users/swethaguruju/Desktop/dutchauction/Dutch-Auction/v1.0/contracts/Lock.sol","s":{"1":4,"2":3,"3":3,"4":5,"5":4,"6":3,"7":3},"b":{"1":[3,1],"2":[4,1],"3":[3,1]},"f":{"1":4,"2":5},"fnMap":{"1":{"name":"constructor","line":13,"loc":{"start":{"line":13,"column":4},"end":{"line":21,"column":4}}},"2":{"name":"withdraw","line":23,"loc":{"start":{"line":23,"column":4},"end":{"line":33,"column":4}}}},"statementMap":{"1":{"start":{"line":14,"column":8},"end":{"line":14,"column":327}},"2":{"start":{"line":19,"column":8},"end":{"line":19,"column":31}},"3":{"start":{"line":20,"column":8},"end":{"line":20,"column":34}},"4":{"start":{"line":27,"column":8},"end":{"line":27,"column":71}},"5":{"start":{"line":28,"column":8},"end":{"line":28,"column":59}},"6":{"start":{"line":30,"column":8},"end":{"line":30,"column":63}},"7":{"start":{"line":32,"column":8},"end":{"line":32,"column":44}}},"branchMap":{"1":{"line":14,"type":"if","locations":[{"start":{"line":14,"column":8},"end":{"line":14,"column":8}},{"start":{"line":14,"column":8},"end":{"line":14,"column":8}}]},"2":{"line":27,"type":"if","locations":[{"start":{"line":27,"column":8},"end":{"line":27,"column":8}},{"start":{"line":27,"column":8},"end":{"line":27,"column":8}}]},"3":{"line":28,"type":"if","locations":[{"start":{"line":28,"column":8},"end":{"line":28,"column":8}},{"start":{"line":28,"column":8},"end":{"line":28,"column":8}}]}}}}