{"contracts/MyNFT.sol":{"l":{"18":3,"22":3,"24":3,"25":3,"26":3,"28":3,"29":3},"path":"/Users/swethaguruju/Downloads/DutchAuction-main/v2.0/contracts/MyNFT.sol","s":{"1":3,"2":3,"3":3,"4":3},"b":{"1":[3,1],"2":[3,0]},"f":{"1":3,"2":3},"fnMap":{"1":{"name":"constructor","line":17,"loc":{"start":{"line":17,"column":4},"end":{"line":19,"column":4}}},"2":{"name":"safeMint","line":21,"loc":{"start":{"line":21,"column":3},"end":{"line":30,"column":0}}}},"statementMap":{"1":{"start":{"line":22,"column":4},"end":{"line":22,"column":72}},"2":{"start":{"line":24,"column":4},"end":{"line":24,"column":44}},"3":{"start":{"line":25,"column":4},"end":{"line":25,"column":24}},"4":{"start":{"line":28,"column":4},"end":{"line":28,"column":24}}},"branchMap":{"1":{"line":21,"type":"if","locations":[{"start":{"line":21,"column":40},"end":{"line":21,"column":40}},{"start":{"line":21,"column":40},"end":{"line":21,"column":40}}]},"2":{"line":22,"type":"if","locations":[{"start":{"line":22,"column":4},"end":{"line":22,"column":4}},{"start":{"line":22,"column":4},"end":{"line":22,"column":4}}]}}},"contracts/NFTDutchAuction.sol":{"l":{"30":3,"31":3,"32":3,"34":3,"35":3,"37":3,"42":3,"43":3,"44":3,"45":3,"46":3,"50":15,"51":15,"53":15,"54":0,"56":15,"59":15,"63":23,"67":23,"68":23,"69":23,"70":23,"75":4,"76":4,"77":4,"81":8,"83":7,"84":7,"85":6,"86":5,"88":4,"89":4,"91":4,"92":4,"93":4,"96":4,"101":4,"105":8,"106":8,"107":8,"108":8},"path":"/Users/swethaguruju/Downloads/DutchAuction-main/v2.0/contracts/NFTDutchAuction.sol","s":{"1":3,"2":3,"3":15,"4":15,"5":15,"6":15,"7":23,"8":23,"9":23,"10":23,"11":23,"12":4,"13":8,"14":7,"15":7,"16":6,"17":5,"18":4,"19":4,"20":4,"21":4,"22":4,"23":4,"24":4,"25":8,"26":8,"27":8,"28":8},"b":{"1":[3,0],"2":[0,15],"3":[23,0],"4":[7,1],"5":[7,0],"6":[6,1],"7":[5,1],"8":[4,1],"9":[4,0],"10":[4,0]},"f":{"1":3,"2":15,"3":23,"4":23,"5":4,"6":8,"7":4,"8":8},"fnMap":{"1":{"name":"constructor","line":23,"loc":{"start":{"line":23,"column":4},"end":{"line":48,"column":4}}},"2":{"name":"getCurrentPrice","line":49,"loc":{"start":{"line":49,"column":4},"end":{"line":60,"column":0}}},"3":{"name":"getCurrBlock","line":62,"loc":{"start":{"line":62,"column":4},"end":{"line":64,"column":4}}},"4":{"name":"getBlockDiff","line":66,"loc":{"start":{"line":66,"column":2},"end":{"line":71,"column":0}}},"5":{"name":"finalizeAuction","line":74,"loc":{"start":{"line":74,"column":4},"end":{"line":78,"column":4}}},"6":{"name":"placeBid","line":80,"loc":{"start":{"line":80,"column":4},"end":{"line":97,"column":4}}},"7":{"name":"refundExcess","line":100,"loc":{"start":{"line":100,"column":7},"end":{"line":102,"column":4}}},"8":{"name":"isAuctionClosed","line":104,"loc":{"start":{"line":104,"column":1},"end":{"line":109,"column":0}}}},"statementMap":{"1":{"start":{"line":37,"column":8},"end":{"line":37,"column":1005}},"2":{"start":{"line":45,"column":8},"end":{"line":45,"column":74}},"3":{"start":{"line":50,"column":4},"end":{"line":50,"column":38}},"4":{"start":{"line":51,"column":4},"end":{"line":51,"column":24}},"5":{"start":{"line":53,"column":4},"end":{"line":53,"column":1489}},"6":{"start":{"line":59,"column":4},"end":{"line":59,"column":23}},"7":{"start":{"line":63,"column":8},"end":{"line":63,"column":27}},"8":{"start":{"line":67,"column":4},"end":{"line":67,"column":41}},"9":{"start":{"line":68,"column":4},"end":{"line":68,"column":42}},"10":{"start":{"line":69,"column":4},"end":{"line":69,"column":89}},"11":{"start":{"line":70,"column":4},"end":{"line":70,"column":20}},"12":{"start":{"line":75,"column":8},"end":{"line":75,"column":59}},"13":{"start":{"line":81,"column":8},"end":{"line":81,"column":55}},"14":{"start":{"line":83,"column":8},"end":{"line":83,"column":64}},"15":{"start":{"line":84,"column":8},"end":{"line":84,"column":59}},"16":{"start":{"line":85,"column":8},"end":{"line":85,"column":55}},"17":{"start":{"line":86,"column":8},"end":{"line":86,"column":71}},"18":{"start":{"line":88,"column":8},"end":{"line":88,"column":72}},"19":{"start":{"line":89,"column":8},"end":{"line":89,"column":51}},"20":{"start":{"line":91,"column":8},"end":{"line":91,"column":54}},"21":{"start":{"line":92,"column":8},"end":{"line":92,"column":2795}},"22":{"start":{"line":93,"column":12},"end":{"line":93,"column":31}},"23":{"start":{"line":96,"column":8},"end":{"line":96,"column":24}},"24":{"start":{"line":101,"column":8},"end":{"line":101,"column":49}},"25":{"start":{"line":105,"column":4},"end":{"line":105,"column":38}},"26":{"start":{"line":106,"column":4},"end":{"line":106,"column":44}},"27":{"start":{"line":107,"column":4},"end":{"line":107,"column":46}},"28":{"start":{"line":108,"column":4},"end":{"line":108,"column":24}}},"branchMap":{"1":{"line":37,"type":"if","locations":[{"start":{"line":37,"column":8},"end":{"line":37,"column":8}},{"start":{"line":37,"column":8},"end":{"line":37,"column":8}}]},"2":{"line":53,"type":"if","locations":[{"start":{"line":53,"column":4},"end":{"line":53,"column":4}},{"start":{"line":53,"column":4},"end":{"line":53,"column":4}}]},"3":{"line":69,"type":"if","locations":[{"start":{"line":69,"column":56},"end":{"line":69,"column":84}},{"start":{"line":69,"column":88},"end":{"line":69,"column":88}}]},"4":{"line":81,"type":"if","locations":[{"start":{"line":81,"column":8},"end":{"line":81,"column":8}},{"start":{"line":81,"column":8},"end":{"line":81,"column":8}}]},"5":{"line":83,"type":"if","locations":[{"start":{"line":83,"column":8},"end":{"line":83,"column":8}},{"start":{"line":83,"column":8},"end":{"line":83,"column":8}}]},"6":{"line":84,"type":"if","locations":[{"start":{"line":84,"column":8},"end":{"line":84,"column":8}},{"start":{"line":84,"column":8},"end":{"line":84,"column":8}}]},"7":{"line":85,"type":"if","locations":[{"start":{"line":85,"column":8},"end":{"line":85,"column":8}},{"start":{"line":85,"column":8},"end":{"line":85,"column":8}}]},"8":{"line":86,"type":"if","locations":[{"start":{"line":86,"column":8},"end":{"line":86,"column":8}},{"start":{"line":86,"column":8},"end":{"line":86,"column":8}}]},"9":{"line":89,"type":"if","locations":[{"start":{"line":89,"column":8},"end":{"line":89,"column":8}},{"start":{"line":89,"column":8},"end":{"line":89,"column":8}}]},"10":{"line":92,"type":"if","locations":[{"start":{"line":92,"column":8},"end":{"line":92,"column":8}},{"start":{"line":92,"column":8},"end":{"line":92,"column":8}}]}}}}