TN:
SF:/Users/swethaguruju/Downloads/DutchAuction-main/v2.0/contracts/MyNFT.sol
FN:17,constructor
FN:21,safeMint
FNF:2
FNH:2
FNDA:3,constructor
FNDA:3,safeMint
DA:18,3
DA:22,3
DA:24,3
DA:25,3
DA:26,3
DA:28,3
DA:29,3
LF:7
LH:7
BRDA:21,1,0,3
BRDA:21,1,1,1
BRDA:22,2,0,3
BRDA:22,2,1,0
BRF:4
BRH:3
end_of_record
TN:
SF:/Users/swethaguruju/Downloads/DutchAuction-main/v2.0/contracts/NFTDutchAuction.sol
FN:23,constructor
FN:49,getCurrentPrice
FN:62,getCurrBlock
FN:66,getBlockDiff
FN:74,finalizeAuction
FN:80,placeBid
FN:100,refundExcess
FN:104,isAuctionClosed
FNF:8
FNH:8
FNDA:3,constructor
FNDA:15,getCurrentPrice
FNDA:23,getCurrBlock
FNDA:23,getBlockDiff
FNDA:4,finalizeAuction
FNDA:8,placeBid
FNDA:4,refundExcess
FNDA:8,isAuctionClosed
DA:30,3
DA:31,3
DA:32,3
DA:34,3
DA:35,3
DA:37,3
DA:42,3
DA:43,3
DA:44,3
DA:45,3
DA:46,3
DA:50,15
DA:51,15
DA:53,15
DA:54,0
DA:56,15
DA:59,15
DA:63,23
DA:67,23
DA:68,23
DA:69,23
DA:70,23
DA:75,4
DA:76,4
DA:77,4
DA:81,8
DA:83,7
DA:84,7
DA:85,6
DA:86,5
DA:88,4
DA:89,4
DA:91,4
DA:92,4
DA:93,4
DA:96,4
DA:101,4
DA:105,8
DA:106,8
DA:107,8
DA:108,8
LF:41
LH:40
BRDA:37,1,0,3
BRDA:37,1,1,0
BRDA:53,2,0,0
BRDA:53,2,1,15
BRDA:69,3,0,23
BRDA:69,3,1,0
BRDA:81,4,0,7
BRDA:81,4,1,1
BRDA:83,5,0,7
BRDA:83,5,1,0
BRDA:84,6,0,6
BRDA:84,6,1,1
BRDA:85,7,0,5
BRDA:85,7,1,1
BRDA:86,8,0,4
BRDA:86,8,1,1
BRDA:89,9,0,4
BRDA:89,9,1,0
BRDA:92,10,0,4
BRDA:92,10,1,0
BRF:20
BRH:14
end_of_record
